<?xml version="1.0" encoding="utf-8"?><testsuites name="pytest tests"><testsuite name="pytest" errors="0" failures="0" skipped="0" tests="3" time="9.533" timestamp="2025-11-05T13:55:10.770428+00:00" hostname="540f453ff2d8"><testcase classname="tests.unit.test_customer_etl" name="test_customers_etl_e2e_writes_parquet_and_dedupes" time="7.230" /><testcase classname="tests.unit.test_orders_enrichment" name="test_orders_enrichment_e2e" time="0.742" /><testcase classname="tests.unit.test_transform" name="test_normalize_emails_lowers_case" time="1.547" /></testsuite></testsuites>