<?xml version="1.0" encoding="utf-8"?><testsuites name="pytest tests"><testsuite name="pytest" errors="0" failures="0" skipped="0" tests="7" time="7.964" timestamp="2025-11-05T15:11:11.046638+00:00" hostname="18ca1a10165c"><testcase classname="tests.unit.test_customer_etl" name="test_customers_etl_e2e_writes_parquet_and_dedupes" time="4.687" /><testcase classname="tests.unit.test_customers_iceberg" name="test_e2e_customers_iceberg_single" time="0.372" /><testcase classname="tests.unit.test_lib_config" name="test_load_config_from_file" time="0.000" /><testcase classname="tests.unit.test_lib_dq" name="test_dedupe_and_normalize" time="0.688" /><testcase classname="tests.unit.test_orders_enrichment" name="test_e2e_orders_enrichment_two_sources" time="0.636" /><testcase classname="tests.unit.test_payments_recon" name="test_e2e_payments_recon_two_sources" time="0.473" /><testcase classname="tests.unit.test_transform" name="test_normalize_emails_lowers_case" time="1.087" /></testsuite></testsuites>